app/build/intermediates/manifest_merge_blame_file/debug/manifest-merger-blame-debug-report.txt
1<?xml version="1.0" encoding="utf-8"?>
2<manifest xmlns:android="http://schemas.android.com/apk/res/android"
3    package="com.jmarroyo.apdusendercontactless"
4    android:versionCode="3"
5    android:versionName="1.2" >
6
7    <uses-sdk
7-->src/main/AndroidManifest.xml:7:5-44
8        android:minSdkVersion="10"
8-->src/main/AndroidManifest.xml:7:15-41
9        android:targetSdkVersion="10" />
10
11    <uses-permission android:name="android.permission.NFC" />
11-->src/main/AndroidManifest.xml:8:5-61
11-->src/main/AndroidManifest.xml:8:22-59
12
13    <uses-feature
13-->src/main/AndroidManifest.xml:9:5-81
14        android:name="android.hardware.nfc"
14-->src/main/AndroidManifest.xml:9:19-54
15        android:required="true" />
15-->src/main/AndroidManifest.xml:9:55-78
16
17    <application
17-->src/main/AndroidManifest.xml:11:5-29:19
18        android:debuggable="true"
19        android:icon="@drawable/ic_main_icon"
19-->src/main/AndroidManifest.xml:13:9-46
20        android:label="@string/app_name"
20-->src/main/AndroidManifest.xml:14:9-41
21        android:theme="@android:style/Theme.Holo.Light" >
21-->src/main/AndroidManifest.xml:12:9-56
22        <activity
22-->src/main/AndroidManifest.xml:15:9-28:20
23            android:name="com.jmarroyo.apdusendercontactless.ApduSenderContactLess"
23-->src/main/AndroidManifest.xml:16:13-50
24            android:label="@string/app_name"
24-->src/main/AndroidManifest.xml:17:13-45
25            android:screenOrientation="portrait" >
25-->src/main/AndroidManifest.xml:18:13-49
26            <intent-filter>
26-->src/main/AndroidManifest.xml:19:13-22:29
27                <action android:name="android.intent.action.MAIN" />
27-->src/main/AndroidManifest.xml:20:17-69
27-->src/main/AndroidManifest.xml:20:25-66
28
29                <category android:name="android.intent.category.LAUNCHER" />
29-->src/main/AndroidManifest.xml:21:17-77
29-->src/main/AndroidManifest.xml:21:27-74
30            </intent-filter>
31            <intent-filter>
31-->src/main/AndroidManifest.xml:23:4-26:20
32                <action android:name="android.nfc.action.TAG_DISCOVERED" />
32-->src/main/AndroidManifest.xml:24:8-66
32-->src/main/AndroidManifest.xml:24:16-64
33
34                <category android:name="android.intent.category.DEFAULT" />
34-->src/main/AndroidManifest.xml:25:8-67
34-->src/main/AndroidManifest.xml:25:18-64
35            </intent-filter>
36
37            <meta-data
37-->src/main/AndroidManifest.xml:27:4-106
38                android:name="android.nfc.action.TAG_DISCOVERED"
38-->src/main/AndroidManifest.xml:27:15-63
39                android:resource="@xml/nfc_tech_filter" />
39-->src/main/AndroidManifest.xml:27:64-103
40        </activity>
41    </application>
42
43</manifest>